0 info it worked if it ends with ok
1 verbose cli [ 'node', '/usr/local/bin/npm', 'run', 'build' ]
2 info using npm@1.4.28
3 info using node@v0.10.33
4 verbose run-script [ 'prebuild', 'build', 'postbuild' ]
5 info prebuild Ogremage@0.4.0
6 info build Ogremage@0.4.0
7 verbose unsafe-perm in lifecycle true
8 info Ogremage@0.4.0 Failed to exec build script
9 error Ogremage@0.4.0 build: `cp src/bp/sprites.png build/sprites.png & cp src/index.html build/index.html & npm run build:bp & npm run build:js & npm run build:engine`
9 error Exit status 1
10 error Failed at the Ogremage@0.4.0 build script.
10 error This is most likely a problem with the Ogremage package,
10 error not with npm itself.
10 error Tell the author that this fails on your system:
10 error     cp src/bp/sprites.png build/sprites.png & cp src/index.html build/index.html & npm run build:bp & npm run build:js & npm run build:engine
10 error You can get their info via:
10 error     npm owner ls Ogremage
10 error There is likely additional logging output above.
11 error System Darwin 14.3.0
12 error command "node" "/usr/local/bin/npm" "run" "build"
13 error cwd /Users/Aaron/Dev/ogremage
14 error node -v v0.10.33
15 error npm -v 1.4.28
16 error code ELIFECYCLE
17 verbose exit [ 1, true ]
